<?xml version="1.0" encoding="UTF-8"?>
<TestRun id="78264125-e7cf-49a5-8e83-4ecfc8d54346" name="claus@AUGUSTSRV1 2010-05-25 09:53:55" runUser="AUGUSTSRV1\claus" xmlns="http://microsoft.com/schemas/VisualStudio/TeamTest/2010">
  <TestSettings name="Default Test Settings" id="61238a91-ec61-413b-b8e4-370e3f6cf6e8">
    <Deployment runDeploymentRoot="claus_AUGUSTSRV1 2010-05-25 09_53_55">
      <DeploymentItem filename="D:\DevProjects\SongSearch\SongSearch.Web\bin\SongSearch.Web.dll" />
      <DeploymentItem filename="D:\DevProjects\SongSearch\Ext Libraries\nunit.framework.dll" />
    </Deployment>
    <Execution>
      <TestTypeSpecific />
      <AgentRule name="Execution Agents">
      </AgentRule>
    </Execution>
  </TestSettings>
  <Times creation="2010-05-25T09:53:55.2793221+02:00" queuing="2010-05-25T09:53:56.5773964+02:00" start="2010-05-25T09:53:56.6914029+02:00" finish="2010-05-25T09:54:18.0766261+02:00" />
  <ResultSummary outcome="Failed">
    <Counters total="1" executed="1" error="0" failed="1" timeout="0" aborted="0" inconclusive="0" passedButRunAborted="0" notRunnable="0" notExecuted="0" disconnected="0" warning="0" passed="0" completed="0" inProgress="0" pending="0" />
    <RunInfos>
      <RunInfo computerName="AUGUSTSRV1" outcome="Warning" timestamp="2010-05-25T09:53:55.5823395+02:00">
        <Text>Warning: Test Run deployment issue: The assembly or module 'System.Web.Mvc' directly or indirectly referenced by the test container 'd:\devprojects\songsearch\codewerks.songsearch.web.tests\bin\debug\codewerks.songsearch.web.tests.dll' was not found.</Text>
      </RunInfo>
    </RunInfos>
  </ResultSummary>
  <TestDefinitions>
    <UnitTest name="User_Can_Add_Item_To_Active_Cart_Twice_Without_Error" storage="d:\devprojects\songsearch\codewerks.songsearch.web.tests\bin\debug\codewerks.songsearch.web.tests.dll" id="3bcf9a3e-214c-f3d1-6698-784c7efb391f">
      <Execution id="959287ce-9b85-49e5-99fd-7ab1c8789797" />
      <TestMethod codeBase="D:/DevProjects/SongSearch/Codewerks.SongSearch.Web.Tests/bin/Debug/Codewerks.SongSearch.Web.Tests.DLL" adapterTypeName="Microsoft.VisualStudio.TestTools.TestTypes.Unit.UnitTestAdapter, Microsoft.VisualStudio.QualityTools.Tips.UnitTest.Adapter, Version=10.0.0.0, Culture=neutral, PublicKeyToken=b03f5f7f11d50a3a" className="Codewerks.SongSearch.Web.Tests.Services.CartServiceTests, Codewerks.SongSearch.Web.Tests, Version=1.0.0.0, Culture=neutral, PublicKeyToken=null" name="User_Can_Add_Item_To_Active_Cart_Twice_Without_Error" />
    </UnitTest>
  </TestDefinitions>
  <TestLists>
    <TestList name="Results Not in a List" id="8c84fa94-04c1-424b-9868-57a2d4851a1d" />
    <TestList name="All Loaded Results" id="19431567-8539-422a-85d7-44ee4e166bda" />
  </TestLists>
  <TestEntries>
    <TestEntry testId="3bcf9a3e-214c-f3d1-6698-784c7efb391f" executionId="959287ce-9b85-49e5-99fd-7ab1c8789797" testListId="8c84fa94-04c1-424b-9868-57a2d4851a1d" />
  </TestEntries>
  <Results>
    <UnitTestResult executionId="959287ce-9b85-49e5-99fd-7ab1c8789797" testId="3bcf9a3e-214c-f3d1-6698-784c7efb391f" testName="User_Can_Add_Item_To_Active_Cart_Twice_Without_Error" computerName="AUGUSTSRV1" startTime="2010-05-25T09:53:56.7924087+02:00" endTime="2010-05-25T09:54:18.0256231+02:00" testType="13cdc9d9-ddb5-4fa4-a97d-d965ccfc6d4b" outcome="Failed" testListId="8c84fa94-04c1-424b-9868-57a2d4851a1d" relativeResultsDirectory="959287ce-9b85-49e5-99fd-7ab1c8789797">
      <Output>
        <ErrorInfo>
          <Message>Class Initialization method Codewerks.SongSearch.Web.Tests.Services.CartServiceTests.Initialize threw exception. System.ArgumentNullException: System.ArgumentNullException: Cannot be null
Parameter name: root.</Message>
          <StackTrace>    at Ninject.Infrastructure.Ensure.ArgumentNotNull(Object argument, String name)
   at Ninject.ResolutionExtensions.GetResolutionIterator(IResolutionRoot root, Type service, Func`2 constraint, IEnumerable`1 parameters, Boolean isOptional)
   at Ninject.ResolutionExtensions.Get[T](IResolutionRoot root, IParameter[] parameters)
   at SongSearch.Web.Application.get_DataSession() in D:\DevProjects\SongSearch\SongSearch.Web\Global.asax.cs:line 34
   at SongSearch.Web.Services.BaseService..ctor(String activeUserIdentity) in D:\DevProjects\SongSearch\SongSearch.Web\Services\BaseService.cs:line 32
   at SongSearch.Web.Services.CartService..ctor(String activeUserIdentity) in D:\DevProjects\SongSearch\SongSearch.Web\Services\CartService.cs:line 58
   at Codewerks.SongSearch.Web.Tests.Services.CartServiceTests.Initialize(TestContext testContext) in D:\DevProjects\SongSearch\Codewerks.SongSearch.Web.Tests\Services\CartServiceTests.cs:line 146
</StackTrace>
        </ErrorInfo>
      </Output>
    </UnitTestResult>
  </Results>
</TestRun>